2025-07-04T04:13:54.852Z ERROR: Error on GET /rooms/reservations: Unauthorized
2025-07-04T04:13:54.856Z ERROR: Error on GET /rooms/reservations: Unauthorized
2025-07-04T04:17:16.899Z ERROR: ReferenceError: User is not defined
    at D:\Kuliah\PVG\backend\routes\roomRoutes.js:151:18
    at Layer.handleRequest (D:\Kuliah\PVG\node_modules\router\lib\layer.js:152:17)
    at next (D:\Kuliah\PVG\node_modules\router\lib\route.js:157:13)
    at Route.dispatch (D:\Kuliah\PVG\node_modules\router\lib\route.js:117:3)
    at handle (D:\Kuliah\PVG\node_modules\router\index.js:435:11)
    at Layer.handleRequest (D:\Kuliah\PVG\node_modules\router\lib\layer.js:152:17)
    at D:\Kuliah\PVG\node_modules\router\index.js:295:15
    at processParams (D:\Kuliah\PVG\node_modules\router\index.js:582:12)
    at next (D:\Kuliah\PVG\node_modules\router\index.js:291:5)
    at Function.handle (D:\Kuliah\PVG\node_modules\router\index.js:186:3)
2025-07-04T04:17:16.901Z ERROR: Error on GET /rooms/reservations: User is not defined
2025-07-04T04:17:16.913Z ERROR: ReferenceError: User is not defined
    at D:\Kuliah\PVG\backend\routes\roomRoutes.js:151:18
    at Layer.handleRequest (D:\Kuliah\PVG\node_modules\router\lib\layer.js:152:17)
    at next (D:\Kuliah\PVG\node_modules\router\lib\route.js:157:13)
    at Route.dispatch (D:\Kuliah\PVG\node_modules\router\lib\route.js:117:3)
    at handle (D:\Kuliah\PVG\node_modules\router\index.js:435:11)
    at Layer.handleRequest (D:\Kuliah\PVG\node_modules\router\lib\layer.js:152:17)
    at D:\Kuliah\PVG\node_modules\router\index.js:295:15
    at processParams (D:\Kuliah\PVG\node_modules\router\index.js:582:12)
    at next (D:\Kuliah\PVG\node_modules\router\index.js:291:5)
    at Function.handle (D:\Kuliah\PVG\node_modules\router\index.js:186:3)
2025-07-04T04:17:16.914Z ERROR: Error on GET /rooms/reservations: User is not defined
2025-07-04T04:17:32.416Z ERROR: ReferenceError: User is not defined
    at D:\Kuliah\PVG\backend\routes\roomRoutes.js:151:18
    at Layer.handleRequest (D:\Kuliah\PVG\node_modules\router\lib\layer.js:152:17)
    at next (D:\Kuliah\PVG\node_modules\router\lib\route.js:157:13)
    at Route.dispatch (D:\Kuliah\PVG\node_modules\router\lib\route.js:117:3)
    at handle (D:\Kuliah\PVG\node_modules\router\index.js:435:11)
    at Layer.handleRequest (D:\Kuliah\PVG\node_modules\router\lib\layer.js:152:17)
    at D:\Kuliah\PVG\node_modules\router\index.js:295:15
    at processParams (D:\Kuliah\PVG\node_modules\router\index.js:582:12)
    at next (D:\Kuliah\PVG\node_modules\router\index.js:291:5)
    at Function.handle (D:\Kuliah\PVG\node_modules\router\index.js:186:3)
2025-07-04T04:17:32.417Z ERROR: Error on GET /rooms/reservations: User is not defined
2025-07-04T04:17:32.426Z ERROR: ReferenceError: User is not defined
    at D:\Kuliah\PVG\backend\routes\roomRoutes.js:151:18
    at Layer.handleRequest (D:\Kuliah\PVG\node_modules\router\lib\layer.js:152:17)
    at next (D:\Kuliah\PVG\node_modules\router\lib\route.js:157:13)
    at Route.dispatch (D:\Kuliah\PVG\node_modules\router\lib\route.js:117:3)
    at handle (D:\Kuliah\PVG\node_modules\router\index.js:435:11)
    at Layer.handleRequest (D:\Kuliah\PVG\node_modules\router\lib\layer.js:152:17)
    at D:\Kuliah\PVG\node_modules\router\index.js:295:15
    at processParams (D:\Kuliah\PVG\node_modules\router\index.js:582:12)
    at next (D:\Kuliah\PVG\node_modules\router\index.js:291:5)
    at Function.handle (D:\Kuliah\PVG\node_modules\router\index.js:186:3)
2025-07-04T04:17:32.426Z ERROR: Error on GET /rooms/reservations: User is not defined
2025-07-04T04:18:11.093Z ERROR: ReferenceError: User is not defined
    at D:\Kuliah\PVG\backend\routes\roomRoutes.js:151:18
    at Layer.handleRequest (D:\Kuliah\PVG\node_modules\router\lib\layer.js:152:17)
    at next (D:\Kuliah\PVG\node_modules\router\lib\route.js:157:13)
    at Route.dispatch (D:\Kuliah\PVG\node_modules\router\lib\route.js:117:3)
    at handle (D:\Kuliah\PVG\node_modules\router\index.js:435:11)
    at Layer.handleRequest (D:\Kuliah\PVG\node_modules\router\lib\layer.js:152:17)
    at D:\Kuliah\PVG\node_modules\router\index.js:295:15
    at processParams (D:\Kuliah\PVG\node_modules\router\index.js:582:12)
    at next (D:\Kuliah\PVG\node_modules\router\index.js:291:5)
    at Function.handle (D:\Kuliah\PVG\node_modules\router\index.js:186:3)
2025-07-04T04:18:11.093Z ERROR: Error on GET /rooms/reservations: User is not defined
2025-07-04T04:18:11.106Z ERROR: ReferenceError: User is not defined
    at D:\Kuliah\PVG\backend\routes\roomRoutes.js:151:18
    at Layer.handleRequest (D:\Kuliah\PVG\node_modules\router\lib\layer.js:152:17)
    at next (D:\Kuliah\PVG\node_modules\router\lib\route.js:157:13)
    at Route.dispatch (D:\Kuliah\PVG\node_modules\router\lib\route.js:117:3)
    at handle (D:\Kuliah\PVG\node_modules\router\index.js:435:11)
    at Layer.handleRequest (D:\Kuliah\PVG\node_modules\router\lib\layer.js:152:17)
    at D:\Kuliah\PVG\node_modules\router\index.js:295:15
    at processParams (D:\Kuliah\PVG\node_modules\router\index.js:582:12)
    at next (D:\Kuliah\PVG\node_modules\router\index.js:291:5)
    at Function.handle (D:\Kuliah\PVG\node_modules\router\index.js:186:3)
2025-07-04T04:18:11.106Z ERROR: Error on GET /rooms/reservations: User is not defined
2025-07-04T04:22:38.099Z ERROR: Error
    at Query.run (D:\Kuliah\PVG\node_modules\sequelize\lib\dialects\postgres\query.js:50:25)
    at D:\Kuliah\PVG\node_modules\sequelize\lib\sequelize.js:315:28
    at process.processTicksAndRejections (node:internal/process/task_queues:105:5)
    at async PostgresQueryInterface.select (D:\Kuliah\PVG\node_modules\sequelize\lib\dialects\abstract\query-interface.js:407:12)
    at async Reservation.findAll (D:\Kuliah\PVG\node_modules\sequelize\lib\model.js:1140:21)
    at async D:\Kuliah\PVG\backend\routes\roomRoutes.js:147:26
2025-07-04T04:22:38.101Z ERROR: Error on GET /rooms/reservations: column Reservation.tanggal"DES does not exist
2025-07-04T04:22:38.116Z ERROR: Error
    at Query.run (D:\Kuliah\PVG\node_modules\sequelize\lib\dialects\postgres\query.js:50:25)
    at D:\Kuliah\PVG\node_modules\sequelize\lib\sequelize.js:315:28
    at process.processTicksAndRejections (node:internal/process/task_queues:105:5)
    at async PostgresQueryInterface.select (D:\Kuliah\PVG\node_modules\sequelize\lib\dialects\abstract\query-interface.js:407:12)
    at async Reservation.findAll (D:\Kuliah\PVG\node_modules\sequelize\lib\model.js:1140:21)
    at async D:\Kuliah\PVG\backend\routes\roomRoutes.js:147:26
2025-07-04T04:22:38.117Z ERROR: Error on GET /rooms/reservations: column Reservation.tanggal"DES does not exist
